[2022-11-22 03:27:20.109] [开始]
[2022-11-22 03:27:20.120] [获取视频列表数据]
[2022-11-22 03:27:20.126] [puppeteer 开始]
[2022-11-22 03:27:21.280] [1.新打开一个页签]
[2022-11-22 03:27:32.081] [2.页面加载完成]
[2022-11-22 03:27:33.860] [3.关闭登录按钮]
[2022-11-22 03:27:34.402] [4.等待3秒, 等待异步接口请求...]
[2022-11-22 03:27:37.421] [5.通过插入js获取页面上的数据..]
[2022-11-22 03:27:38.046] [视频列表数据写入排行榜,共,35,条]
[2022-11-22 03:27:38.050] [最近的10条视频]
[2022-11-22 03:27:38.053] [点赞最多的10条视频]
[2022-11-22 03:27:38.060] [统计标签出现的次数]
[2022-11-22 03:27:38.066] [绘制饼图]
[2022-11-22 03:27:38.070] [done]
[2022-11-22 04:41:47.922] [开始]
[2022-11-22 04:41:47.927] [获取视频列表数据]
[2022-11-22 04:41:47.928] [puppeteer 开始]
[2022-11-22 04:41:48.696] [1.新打开一个页签]
[2022-11-22 04:41:54.382] [2.页面加载完成]
[2022-11-22 04:41:55.702] [3.关闭登录按钮]
[2022-11-22 04:41:55.717] [4.等待3秒, 等待异步接口请求...]
[2022-11-22 04:41:58.720] [5.通过插入js获取页面上的数据..]
[2022-11-22 04:42:01.131] [视频列表数据写入排行榜,共,35,条]
[2022-11-22 04:42:01.137] [最近的10条视频]
[2022-11-22 04:42:01.140] [点赞最多的10条视频]
[2022-11-22 04:42:01.143] [统计标签出现的次数]
[2022-11-22 04:42:01.148] [绘制饼图]
[2022-11-22 04:42:01.151] [done]
[2022-11-22 05:06:11.109] [开始]
[2022-11-22 05:06:11.114] [获取视频列表数据]
[2022-11-22 05:06:11.115] [puppeteer 开始]
[2022-11-22 05:06:12.010] [1.新打开一个页签]
[2022-11-22 05:06:18.851] [2.页面加载完成]
[2022-11-22 05:06:19.560] [3.关闭登录按钮]
[2022-11-22 05:06:19.581] [4.等待3秒, 等待异步接口请求...]
[2022-11-22 05:06:22.589] [5.通过插入js获取页面上的数据..]
[2022-11-22 05:06:23.127] [视频列表数据写入排行榜,共,35,条]
[2022-11-22 05:06:23.131] [最近的10条视频]
[2022-11-22 05:06:23.133] [点赞最多的10条视频]
[2022-11-22 05:06:23.136] [统计标签出现的次数]
[2022-11-22 05:06:23.138] [绘制饼图]
[2022-11-22 05:06:23.140] [done]
